<?xml version="1.0" encoding="UTF-8"?>
<coverage generated="1541255557733" clover="3.2.0">
  <project timestamp="1541255557734" name="All files">
    <metrics statements="5" coveredstatements="2" conditionals="0" coveredconditionals="0" methods="1" coveredmethods="1" elements="6" coveredelements="3" complexity="0" loc="5" ncloc="5" packages="2" files="2" classes="2">
      <package name="src">
        <metrics statements="3" coveredstatements="0" conditionals="0" coveredconditionals="0" methods="0" coveredmethods="0"/>
        <file name="app.ts" path="/home/chris/webpack-typescript-starter/src/app.ts">
          <metrics statements="3" coveredstatements="0" conditionals="0" coveredconditionals="0" methods="0" coveredmethods="0"/>
          <line num="1" count="0" type="stmt"/>
          <line num="2" count="0" type="stmt"/>
          <line num="6" count="0" type="stmt"/>
        </file>
      </package>
      <package name="src.modules">
        <metrics statements="2" coveredstatements="2" conditionals="0" coveredconditionals="0" methods="1" coveredmethods="1"/>
        <file name="app.componet.ts" path="/home/chris/webpack-typescript-starter/src/modules/app.componet.ts">
          <metrics statements="2" coveredstatements="2" conditionals="0" coveredconditionals="0" methods="1" coveredmethods="1"/>
          <line num="1" count="1" type="stmt"/>
          <line num="2" count="1" type="stmt"/>
        </file>
      </package>
    </metrics>
  </project>
</coverage>
